angle:12.925 -25.455 0.775

angle:10.876 -27.323 13.255

angle:5.762 -27.103 22.209

angle:-6.866 -19.061 27.241

angle:4.417 -30.630 24.192

angle:5.652 -1.544 36.359

angle:19.330 22.632 20.149

angle:1.362 -21.484 21.731

angle:-4.131 -25.862 31.410

angle:-4.417 7.498 30.372

angle:10.014 17.314 40.259

angle:3.719 -36.101 20.089

angle:4.768 -11.475 8.888

angle:-15.304 -9.283 17.902

angle:1.000 -18.023 30.075

angle:7.789 -26.895 20.259

angle:-18.484 -3.345 30.218

angle:1.906 8.179 43.022

angle:-0.313 -30.734 3.675

angle:-22.341 -11.689 18.210

angle:-0.280 -15.342 30.927

angle:-9.421 -24.126 26.845

angle:-3.812 -2.043 35.178

angle:6.680 -36.046 24.521

angle:7.163 -0.247 6.570

angle:4.197 -13.568 21.209

angle:1.500 -15.743 25.631

angle:12.321 -9.987 32.668

angle:-1.637 -26.708 38.622

angle:2.098 -25.142 36.310

angle:2.450 -24.373 2.648

angle:0.747 -23.917 17.430

angle:-0.472 -23.599 24.829
^C
]0;pi@raspberrypi: ~/WT931_Linux_C/i2c [01;32mpi@raspberrypi[00m:[01;34m~/WT931_Linux_C/i2c $[00m 